<?xml version="1.0" encoding="UTF-8"?><testsuite errors="1" failures="0" name="io.swagger.petstore.CURDTestWithSteps.PetCURDTestWithSteps" skipped="0" tests="1" time="0.0" timestamp="2023-01-01T19:35:48.407Z[Europe/London]"><testcase classname="io.swagger.petstore.CURDTestWithSteps.PetCURDTestWithSteps" name="Initialisation"><error message="For input string: &quot;/v2&quot;" type="java.lang.NumberFormatException">For input string: "/v2"</error><system-err>For input string: "/v2"&#13;
io.swagger.petstore.CURDTestWithSteps.testbase.TestBase.init(TestBase.java:16)&#13;
</system-err></testcase></testsuite>